<?xml version="1.0" encoding="UTF-8"?>
<testsuite xmlns:xsi="http://www.w3.org/2001/XMLSchema-instance" xsi:noNamespaceSchemaLocation="https://maven.apache.org/surefire/maven-surefire-plugin/xsd/surefire-test-report-3.0.xsd" version="3.0" name="TestSuite" time="95.497" tests="3" errors="0" skipped="0" failures="0">
  <properties>
    <property name="java.specification.version" value="16"/>
    <property name="webdriver.chrome.driver" value="C:\Users\Mahe\.cache\selenium\chromedriver\win32\90.0.4430.24\chromedriver.exe"/>
    <property name="sun.cpu.isalist" value="amd64"/>
    <property name="sun.jnu.encoding" value="Cp1252"/>
    <property name="java.class.path" value="C:\Users\Mahe\Downloads\digenderProjectVer3\KeywordMaven\target\test-classes;C:\Users\Mahe\Downloads\digenderProjectVer3\KeywordMaven\target\classes;C:\Users\Mahe\.m2\repository\org\seleniumhq\selenium\selenium-java\3.141.59\selenium-java-3.141.59.jar;C:\Users\Mahe\.m2\repository\org\seleniumhq\selenium\selenium-api\3.141.59\selenium-api-3.141.59.jar;C:\Users\Mahe\.m2\repository\org\seleniumhq\selenium\selenium-chrome-driver\3.141.59\selenium-chrome-driver-3.141.59.jar;C:\Users\Mahe\.m2\repository\org\seleniumhq\selenium\selenium-edge-driver\3.141.59\selenium-edge-driver-3.141.59.jar;C:\Users\Mahe\.m2\repository\org\seleniumhq\selenium\selenium-firefox-driver\3.141.59\selenium-firefox-driver-3.141.59.jar;C:\Users\Mahe\.m2\repository\org\seleniumhq\selenium\selenium-ie-driver\3.141.59\selenium-ie-driver-3.141.59.jar;C:\Users\Mahe\.m2\repository\org\seleniumhq\selenium\selenium-opera-driver\3.141.59\selenium-opera-driver-3.141.59.jar;C:\Users\Mahe\.m2\repository\org\seleniumhq\selenium\selenium-remote-driver\3.141.59\selenium-remote-driver-3.141.59.jar;C:\Users\Mahe\.m2\repository\org\seleniumhq\selenium\selenium-safari-driver\3.141.59\selenium-safari-driver-3.141.59.jar;C:\Users\Mahe\.m2\repository\org\seleniumhq\selenium\selenium-support\3.141.59\selenium-support-3.141.59.jar;C:\Users\Mahe\.m2\repository\net\bytebuddy\byte-buddy\1.8.15\byte-buddy-1.8.15.jar;C:\Users\Mahe\.m2\repository\org\apache\commons\commons-exec\1.3\commons-exec-1.3.jar;C:\Users\Mahe\.m2\repository\com\google\guava\guava\25.0-jre\guava-25.0-jre.jar;C:\Users\Mahe\.m2\repository\com\google\code\findbugs\jsr305\1.3.9\jsr305-1.3.9.jar;C:\Users\Mahe\.m2\repository\org\checkerframework\checker-compat-qual\2.0.0\checker-compat-qual-2.0.0.jar;C:\Users\Mahe\.m2\repository\com\google\errorprone\error_prone_annotations\2.1.3\error_prone_annotations-2.1.3.jar;C:\Users\Mahe\.m2\repository\com\google\j2objc\j2objc-annotations\1.1\j2objc-annotations-1.1.jar;C:\Users\Mahe\.m2\repository\org\codehaus\mojo\animal-sniffer-annotations\1.14\animal-sniffer-annotations-1.14.jar;C:\Users\Mahe\.m2\repository\com\squareup\okhttp3\okhttp\3.11.0\okhttp-3.11.0.jar;C:\Users\Mahe\.m2\repository\com\squareup\okio\okio\1.14.0\okio-1.14.0.jar;C:\Users\Mahe\.m2\repository\org\apache\poi\poi-ooxml\3.9\poi-ooxml-3.9.jar;C:\Users\Mahe\.m2\repository\org\apache\poi\poi\3.9\poi-3.9.jar;C:\Users\Mahe\.m2\repository\commons-codec\commons-codec\1.5\commons-codec-1.5.jar;C:\Users\Mahe\.m2\repository\org\apache\poi\poi-ooxml-schemas\3.9\poi-ooxml-schemas-3.9.jar;C:\Users\Mahe\.m2\repository\org\apache\xmlbeans\xmlbeans\2.3.0\xmlbeans-2.3.0.jar;C:\Users\Mahe\.m2\repository\stax\stax-api\1.0.1\stax-api-1.0.1.jar;C:\Users\Mahe\.m2\repository\dom4j\dom4j\1.6.1\dom4j-1.6.1.jar;C:\Users\Mahe\.m2\repository\xml-apis\xml-apis\1.0.b2\xml-apis-1.0.b2.jar;C:\Users\Mahe\.m2\repository\org\testng\testng\7.4.0\testng-7.4.0.jar;C:\Users\Mahe\.m2\repository\com\beust\jcommander\1.78\jcommander-1.78.jar;C:\Users\Mahe\.m2\repository\org\webjars\jquery\3.5.1\jquery-3.5.1.jar;C:\Users\Mahe\.m2\repository\io\github\bonigarcia\webdrivermanager\4.4.0\webdrivermanager-4.4.0.jar;C:\Users\Mahe\.m2\repository\org\slf4j\slf4j-api\1.7.30\slf4j-api-1.7.30.jar;C:\Users\Mahe\.m2\repository\com\google\code\gson\gson\2.8.6\gson-2.8.6.jar;C:\Users\Mahe\.m2\repository\org\apache\commons\commons-lang3\3.12.0\commons-lang3-3.12.0.jar;C:\Users\Mahe\.m2\repository\org\apache\httpcomponents\client5\httpclient5\5.0.3\httpclient5-5.0.3.jar;C:\Users\Mahe\.m2\repository\org\apache\httpcomponents\core5\httpcore5\5.0.2\httpcore5-5.0.2.jar;C:\Users\Mahe\.m2\repository\org\apache\httpcomponents\core5\httpcore5-h2\5.0.2\httpcore5-h2-5.0.2.jar;C:\Users\Mahe\.m2\repository\org\rauschig\jarchivelib\1.1.0\jarchivelib-1.1.0.jar;C:\Users\Mahe\.m2\repository\org\apache\commons\commons-compress\1.20\commons-compress-1.20.jar;C:\Users\Mahe\.m2\repository\org\jsoup\jsoup\1.13.1\jsoup-1.13.1.jar;C:\Users\Mahe\.m2\repository\com\aventstack\extentreports\4.0.9\extentreports-4.0.9.jar;C:\Users\Mahe\.m2\repository\org\freemarker\freemarker\2.3.23\freemarker-2.3.23.jar;C:\Users\Mahe\.m2\repository\org\mongodb\mongodb-driver\3.3.0\mongodb-driver-3.3.0.jar;C:\Users\Mahe\.m2\repository\org\mongodb\mongodb-driver-core\3.3.0\mongodb-driver-core-3.3.0.jar;C:\Users\Mahe\.m2\repository\org\mongodb\bson\3.3.0\bson-3.3.0.jar;C:\Users\Mahe\.m2\repository\org\apache\httpcomponents\httpclient\4.5.2\httpclient-4.5.2.jar;C:\Users\Mahe\.m2\repository\org\apache\httpcomponents\httpcore\4.4.4\httpcore-4.4.4.jar;C:\Users\Mahe\.m2\repository\commons-logging\commons-logging\1.2\commons-logging-1.2.jar;C:\Users\Mahe\.m2\repository\org\apache\httpcomponents\httpmime\4.5.2\httpmime-4.5.2.jar;C:\Users\Mahe\.m2\repository\commons-io\commons-io\2.8.0\commons-io-2.8.0.jar;C:\Users\Mahe\.m2\repository\org\apache\logging\log4j\log4j-api\2.14.1\log4j-api-2.14.1.jar;C:\Users\Mahe\.m2\repository\org\apache\logging\log4j\log4j-core\2.14.1\log4j-core-2.14.1.jar;"/>
    <property name="java.vm.vendor" value="Oracle Corporation"/>
    <property name="sun.arch.data.model" value="64"/>
    <property name="user.variant" value=""/>
    <property name="java.vendor.url" value="https://java.oracle.com/"/>
    <property name="user.timezone" value="Asia/Calcutta"/>
    <property name="os.name" value="Windows 10"/>
    <property name="java.vm.specification.version" value="16"/>
    <property name="sun.java.launcher" value="SUN_STANDARD"/>
    <property name="user.country" value="IN"/>
    <property name="sun.boot.library.path" value="D:\Newfolder\java\bin"/>
    <property name="sun.java.command" value="C:\Users\Mahe\AppData\Local\Temp\surefire8292096700145279311\surefirebooter5855901404862194745.jar C:\Users\Mahe\AppData\Local\Temp\surefire8292096700145279311 2021-05-07T17-42-05_812-jvmRun1 surefire7091474417803569517tmp surefire_07750281077273493408tmp"/>
    <property name="jdk.debug" value="release"/>
    <property name="surefire.test.class.path" value="C:\Users\Mahe\Downloads\digenderProjectVer3\KeywordMaven\target\test-classes;C:\Users\Mahe\Downloads\digenderProjectVer3\KeywordMaven\target\classes;C:\Users\Mahe\.m2\repository\org\seleniumhq\selenium\selenium-java\3.141.59\selenium-java-3.141.59.jar;C:\Users\Mahe\.m2\repository\org\seleniumhq\selenium\selenium-api\3.141.59\selenium-api-3.141.59.jar;C:\Users\Mahe\.m2\repository\org\seleniumhq\selenium\selenium-chrome-driver\3.141.59\selenium-chrome-driver-3.141.59.jar;C:\Users\Mahe\.m2\repository\org\seleniumhq\selenium\selenium-edge-driver\3.141.59\selenium-edge-driver-3.141.59.jar;C:\Users\Mahe\.m2\repository\org\seleniumhq\selenium\selenium-firefox-driver\3.141.59\selenium-firefox-driver-3.141.59.jar;C:\Users\Mahe\.m2\repository\org\seleniumhq\selenium\selenium-ie-driver\3.141.59\selenium-ie-driver-3.141.59.jar;C:\Users\Mahe\.m2\repository\org\seleniumhq\selenium\selenium-opera-driver\3.141.59\selenium-opera-driver-3.141.59.jar;C:\Users\Mahe\.m2\repository\org\seleniumhq\selenium\selenium-remote-driver\3.141.59\selenium-remote-driver-3.141.59.jar;C:\Users\Mahe\.m2\repository\org\seleniumhq\selenium\selenium-safari-driver\3.141.59\selenium-safari-driver-3.141.59.jar;C:\Users\Mahe\.m2\repository\org\seleniumhq\selenium\selenium-support\3.141.59\selenium-support-3.141.59.jar;C:\Users\Mahe\.m2\repository\net\bytebuddy\byte-buddy\1.8.15\byte-buddy-1.8.15.jar;C:\Users\Mahe\.m2\repository\org\apache\commons\commons-exec\1.3\commons-exec-1.3.jar;C:\Users\Mahe\.m2\repository\com\google\guava\guava\25.0-jre\guava-25.0-jre.jar;C:\Users\Mahe\.m2\repository\com\google\code\findbugs\jsr305\1.3.9\jsr305-1.3.9.jar;C:\Users\Mahe\.m2\repository\org\checkerframework\checker-compat-qual\2.0.0\checker-compat-qual-2.0.0.jar;C:\Users\Mahe\.m2\repository\com\google\errorprone\error_prone_annotations\2.1.3\error_prone_annotations-2.1.3.jar;C:\Users\Mahe\.m2\repository\com\google\j2objc\j2objc-annotations\1.1\j2objc-annotations-1.1.jar;C:\Users\Mahe\.m2\repository\org\codehaus\mojo\animal-sniffer-annotations\1.14\animal-sniffer-annotations-1.14.jar;C:\Users\Mahe\.m2\repository\com\squareup\okhttp3\okhttp\3.11.0\okhttp-3.11.0.jar;C:\Users\Mahe\.m2\repository\com\squareup\okio\okio\1.14.0\okio-1.14.0.jar;C:\Users\Mahe\.m2\repository\org\apache\poi\poi-ooxml\3.9\poi-ooxml-3.9.jar;C:\Users\Mahe\.m2\repository\org\apache\poi\poi\3.9\poi-3.9.jar;C:\Users\Mahe\.m2\repository\commons-codec\commons-codec\1.5\commons-codec-1.5.jar;C:\Users\Mahe\.m2\repository\org\apache\poi\poi-ooxml-schemas\3.9\poi-ooxml-schemas-3.9.jar;C:\Users\Mahe\.m2\repository\org\apache\xmlbeans\xmlbeans\2.3.0\xmlbeans-2.3.0.jar;C:\Users\Mahe\.m2\repository\stax\stax-api\1.0.1\stax-api-1.0.1.jar;C:\Users\Mahe\.m2\repository\dom4j\dom4j\1.6.1\dom4j-1.6.1.jar;C:\Users\Mahe\.m2\repository\xml-apis\xml-apis\1.0.b2\xml-apis-1.0.b2.jar;C:\Users\Mahe\.m2\repository\org\testng\testng\7.4.0\testng-7.4.0.jar;C:\Users\Mahe\.m2\repository\com\beust\jcommander\1.78\jcommander-1.78.jar;C:\Users\Mahe\.m2\repository\org\webjars\jquery\3.5.1\jquery-3.5.1.jar;C:\Users\Mahe\.m2\repository\io\github\bonigarcia\webdrivermanager\4.4.0\webdrivermanager-4.4.0.jar;C:\Users\Mahe\.m2\repository\org\slf4j\slf4j-api\1.7.30\slf4j-api-1.7.30.jar;C:\Users\Mahe\.m2\repository\com\google\code\gson\gson\2.8.6\gson-2.8.6.jar;C:\Users\Mahe\.m2\repository\org\apache\commons\commons-lang3\3.12.0\commons-lang3-3.12.0.jar;C:\Users\Mahe\.m2\repository\org\apache\httpcomponents\client5\httpclient5\5.0.3\httpclient5-5.0.3.jar;C:\Users\Mahe\.m2\repository\org\apache\httpcomponents\core5\httpcore5\5.0.2\httpcore5-5.0.2.jar;C:\Users\Mahe\.m2\repository\org\apache\httpcomponents\core5\httpcore5-h2\5.0.2\httpcore5-h2-5.0.2.jar;C:\Users\Mahe\.m2\repository\org\rauschig\jarchivelib\1.1.0\jarchivelib-1.1.0.jar;C:\Users\Mahe\.m2\repository\org\apache\commons\commons-compress\1.20\commons-compress-1.20.jar;C:\Users\Mahe\.m2\repository\org\jsoup\jsoup\1.13.1\jsoup-1.13.1.jar;C:\Users\Mahe\.m2\repository\com\aventstack\extentreports\4.0.9\extentreports-4.0.9.jar;C:\Users\Mahe\.m2\repository\org\freemarker\freemarker\2.3.23\freemarker-2.3.23.jar;C:\Users\Mahe\.m2\repository\org\mongodb\mongodb-driver\3.3.0\mongodb-driver-3.3.0.jar;C:\Users\Mahe\.m2\repository\org\mongodb\mongodb-driver-core\3.3.0\mongodb-driver-core-3.3.0.jar;C:\Users\Mahe\.m2\repository\org\mongodb\bson\3.3.0\bson-3.3.0.jar;C:\Users\Mahe\.m2\repository\org\apache\httpcomponents\httpclient\4.5.2\httpclient-4.5.2.jar;C:\Users\Mahe\.m2\repository\org\apache\httpcomponents\httpcore\4.4.4\httpcore-4.4.4.jar;C:\Users\Mahe\.m2\repository\commons-logging\commons-logging\1.2\commons-logging-1.2.jar;C:\Users\Mahe\.m2\repository\org\apache\httpcomponents\httpmime\4.5.2\httpmime-4.5.2.jar;C:\Users\Mahe\.m2\repository\commons-io\commons-io\2.8.0\commons-io-2.8.0.jar;C:\Users\Mahe\.m2\repository\org\apache\logging\log4j\log4j-api\2.14.1\log4j-api-2.14.1.jar;C:\Users\Mahe\.m2\repository\org\apache\logging\log4j\log4j-core\2.14.1\log4j-core-2.14.1.jar;"/>
    <property name="sun.cpu.endian" value="little"/>
    <property name="user.home" value="C:\Users\Mahe"/>
    <property name="user.language" value="en"/>
    <property name="java.specification.vendor" value="Oracle Corporation"/>
    <property name="java.version.date" value="2021-04-20"/>
    <property name="java.home" value="D:\Newfolder\java"/>
    <property name="file.separator" value="\"/>
    <property name="basedir" value="C:\Users\Mahe\Downloads\digenderProjectVer3\KeywordMaven"/>
    <property name="java.vm.compressedOopsMode" value="32-bit"/>
    <property name="line.separator" value="&#10;"/>
    <property name="java.vm.specification.vendor" value="Oracle Corporation"/>
    <property name="java.specification.name" value="Java Platform API Specification"/>
    <property name="surefire.real.class.path" value="C:\Users\Mahe\AppData\Local\Temp\surefire8292096700145279311\surefirebooter5855901404862194745.jar"/>
    <property name="user.script" value=""/>
    <property name="sun.management.compiler" value="HotSpot 64-Bit Tiered Compilers"/>
    <property name="java.runtime.version" value="16.0.1+9-24"/>
    <property name="user.name" value="Mahe"/>
    <property name="path.separator" value=";"/>
    <property name="os.version" value="10.0"/>
    <property name="java.runtime.name" value="Java(TM) SE Runtime Environment"/>
    <property name="file.encoding" value="Cp1252"/>
    <property name="java.vm.name" value="Java HotSpot(TM) 64-Bit Server VM"/>
    <property name="localRepository" value="C:\Users\Mahe\.m2\repository"/>
    <property name="java.vendor.url.bug" value="https://bugreport.java.com/bugreport/"/>
    <property name="java.io.tmpdir" value="C:\Users\Mahe\AppData\Local\Temp\"/>
    <property name="java.version" value="16.0.1"/>
    <property name="user.dir" value="C:\Users\Mahe\Downloads\digenderProjectVer3\KeywordMaven"/>
    <property name="os.arch" value="amd64"/>
    <property name="java.vm.specification.name" value="Java Virtual Machine Specification"/>
    <property name="sun.os.patch.level" value=""/>
    <property name="java.library.path" value="D:\Newfolder\java\bin;C:\WINDOWS\Sun\Java\bin;C:\WINDOWS\system32;C:\WINDOWS;C:\Program Files\Common Files\Oracle\Java\javapath;D:\Newfolder\python;D:\Newfolder\python\Scripts;C:\Program Files\doxygen\bin;C:\Program Files (x86)\GnuWin32\bin;C:\Program Files\Cppcheck;C:\WINDOWS\system32;C:\Users\Mahe\Downloads\reports\New folder\apache-maven-3.8.1\bin;D:\Newfolder\java\bin;C:\Program Files (x86)\GNU Arm Embedded Toolchain\10 2020-q4-major\bin;C:\Users\Mahe\AppData\Local\Microsoft\WindowsApps;C:\Program Files\CodeBlocks\MinGW\bin;D:\Newfolder\python;D:\Newfolder\python\Scripts\;C:\Program Files\doxygen\bin;C:\Users\Mahe\AppData\Local\Programs\Microsoft VS Code\bin;C:\Users\Mahe\AppData\Local\GitHubDesktop\bin;C:\WINDOWS\system32;C:\Program Files (x86)\GNU Arm Embedded Toolchain\10 2020-q4-major\lib\gcc\arm-none-eabi\10.2.1;;."/>
    <property name="java.vm.info" value="mixed mode, sharing"/>
    <property name="java.vendor" value="Oracle Corporation"/>
    <property name="java.vm.version" value="16.0.1+9-24"/>
    <property name="sun.io.unicode.encoding" value="UnicodeLittle"/>
    <property name="java.class.version" value="60.0"/>
  </properties>
  <testcase name="mainTest[Invalid Login$~|$T3_01$~|$Launch the URL orange hrm demo $~|$Yes$~|$NA$~|$NA$~|$NA$~|$LaunchURL$~|$NA;Invalid Login$~|$T3_02$~|$Verify the title of the page$~|$Yes$~|$NA$~|$NA$~|$NA$~|$verifyTitle$~|$OrangeHRM;Invalid Login$~|$T3_03$~|$Verify the Login panel presence in the page$~|$Yes$~|$xpath$~|$//*[@id=&quot;logInPanelHeading&quot;]$~|$NA$~|$verifyElementPresence$~|$NA;Invalid Login$~|$T3_04$~|$Verify username Text box is present or not$~|$Yes$~|$xpath$~|$//*[@id=&quot;divUsername&quot;]$~|$NA$~|$verifyElementPresence$~|$NA;Invalid Login$~|$T3_05$~|$Enter username as Administation$~|$Yes$~|$xpath$~|$//*[@id=&quot;txtUsername&quot;]$~|$administartion$~|$EnterText$~|$NA;Invalid Login$~|$T3_07$~|$Verify Password Text box presence$~|$Yes$~|$xpath$~|$//*[@id=&quot;divPassword&quot;]$~|$NA$~|$verifyElementPresence$~|$NA;Invalid Login$~|$T3_08$~|$Enter Password as admin123$~|$Yes$~|$xpath$~|$//*[@id=&quot;txtPassword&quot;]$~|$admin123457$~|$EnterText$~|$NA;Invalid Login$~|$T3_10$~|$verify login button is present or not$~|$Yes$~|$xpath$~|$//*[@id=&quot;btnLogin&quot;]$~|$NA$~|$verifyElementPresence$~|$NA;Invalid Login$~|$T3_11$~|$Click on login button$~|$Yes$~|$xpath$~|$//*[@id=&quot;btnLogin&quot;]$~|$NA$~|$Click$~|$NA;Invalid Login$~|$T3_12$~|$Check whether &quot;Invalid credendials&quot; text is displayed.$~|$Yes$~|$id$~|$spanMessage$~|$NA$~|$verifyText$~|$Invalid;Invalid Login$~|$T3_13$~|$close the browser$~|$Yes$~|$NA$~|$NA$~|$NA$~|$closeBrowser$~|$NA;](1)" classname="com.ltts.TestNgFile" time="34.755">
    <system-err><![CDATA[SLF4J: Failed to load class "org.slf4j.impl.StaticLoggerBinder".
SLF4J: Defaulting to no-operation (NOP) logger implementation
SLF4J: See http://www.slf4j.org/codes.html#StaticLoggerBinder for further details.
Starting ChromeDriver 90.0.4430.24 (4c6d850f087da467d926e8eddb7655S0taaerdt65i5n9g9 1Ch-rormeeDfrsive/rb 9r0a.0n.4c43h0-.h24e a(4dcs6d/84504f30807@da{4#647d29926}e)8e dodbn7 65p5o0rate d44635659091-r
efOsn/blraync h-lheoadcs/a44l3 0@c{#4o2n9}n) eon port 15c6t05io
Onnsly  alroe caalll ocwoendn.ec
tPiloensa saere  saelel ohwetdt.ps
:P/le/acsher osmeeed rhtitvpesr:./c/hcrhormoimuemd.rorgi/vseecru.rcihtryo-mcioumns.iodregr/asteicounrist y-fcoorn ssiudgegreasttiioonsn sf oorn  skuegegpesitnigo nCs horn okmeeeDprinigv eCrhr osmaefDer.iv
er safe.
ChromeDriver was started successfully.
ChromeDriver was started successfully.
Starting ChromeDriver 90.0.4430.24 (4c6d850f087da467d926e8eddb76550aed655991-refs/branch-heads/4430@{#429}) on port 35415
Only local connections are allowed.
Please see https://chromedriver.chromium.org/security-considerations for suggestions on keeping ChromeDriver safe.
ChromeDriver was started successfully.
May 07, 2021 5:42:38 PM org.openqa.selenium.remote.ProtocolHandshake createSession
INFO: Detected dialect: W3C
May 07, 2021 5:42:38 PM org.openqa.selenium.remote.ProtocolHandshake createSession
INFO: Detected dialect: W3C
May 07, 2021 5:42:38 PM org.openqa.selenium.remote.ProtocolHandshake createSession
INFO: Detected dialect: W3C
]]></system-err>
  </testcase>
  <testcase name="mainTest[Login and logout$~|$T_01$~|$Launch the URL OrangeHRMdemo $~|$Yes$~|$NA$~|$NA$~|$NA$~|$LaunchURL$~|$NA;Login$~|$T_02$~|$Verfiy URL of the page$~|$Yes$~|$NA$~|$NA$~|$NA$~|$verifyURL$~|$https://opensource-demo.orangehrmlive.com/;Login$~|$T_03$~|$Verify the title of the page$~|$Yes$~|$NA$~|$NA$~|$NA$~|$verifyTitle$~|$OrangeHRM;Login$~|$T_04$~|$Verify the Login panel presence in the page$~|$Yes$~|$xpath$~|$//*[@id=&quot;logInPanelHeading&quot;]$~|$NA$~|$verifyElementPresence$~|$NA;Login$~|$T_05$~|$Verify Username Text box presence$~|$Yes$~|$xpath$~|$//*[@id=&quot;divUsername&quot;]$~|$NA$~|$verifyElementPresence$~|$NA;Login$~|$T_06$~|$Enter username as &quot;Admin&quot;$~|$Yes$~|$name$~|$txtUsername$~|$Admin$~|$EnterText$~|$NA;Login$~|$T_07$~|$Verify Password Text box presence$~|$Yes$~|$xpath$~|$//*[@id=&quot;divPassword&quot;]$~|$NA$~|$verifyElementPresence$~|$NA;Login$~|$T_08$~|$Enter Password as &quot;admin123&quot;$~|$Yes$~|$id$~|$txtPassword$~|$admin123$~|$EnterText$~|$NA;Login$~|$T_09$~|$Verify the Login button presence in the page$~|$Yes$~|$xpath$~|$//*[@id=&quot;btnLogin&quot;]$~|$NA$~|$verifyElementPresence$~|$NA;Login$~|$T_10$~|$Click on login button$~|$Yes$~|$xpath$~|$//*[@id=&quot;btnLogin&quot;]$~|$NA$~|$Click$~|$NA;Login$~|$T_11$~|$Verify the Presesnce of LOGO after log-in$~|$Yes$~|$xpath$~|$//*[@id=&quot;branding&quot;]/a[1]/img$~|$NA$~|$verifyElementPresence$~|$NA;Login and logout$~|$T1_02$~|$Wait for welcome user name to be displayed$~|$Yes$~|$xpath$~|$//*[@id=&quot;welcome&quot;]$~|$NA$~|$WaitForElement$~|$NA;Login and logout$~|$T1_03$~|$Check whether welcome button is displayed or not$~|$Yes$~|$xpath$~|$//*[@id=&quot;welcome&quot;]$~|$NA$~|$verifyElementPresence$~|$NA;Login and logout$~|$T1_04$~|$Clickon welcome button$~|$Yes$~|$xpath$~|$//*[@id=&quot;welcome&quot;]$~|$NA$~|$Click$~|$NA;Login and logout$~|$T1_05$~|$Click on logout button$~|$Yes$~|$xpath$~|$//*[@id=&quot;welcome-menu&quot;]/ul/li[3]/a$~|$NA$~|$Click$~|$NA;Login and logout$~|$T1_06$~|$Wait for login panel to visible$~|$Yes$~|$xpath$~|$//*[@id=&quot;logInPanelHeading&quot;]$~|$NA$~|$WaitForElement$~|$NA;Login and logout$~|$T1_07$~|$Verify the Login page title$~|$Yes$~|$NA$~|$NA$~|$NA$~|$verifyTitle$~|$OrangeHRM;Login and logout$~|$T1_08$~|$Verify the Login panel presence in the page$~|$Yes$~|$xpath$~|$//*[@id=&quot;logInPanelHeading&quot;]$~|$NA$~|$verifyElementPresence$~|$NA;Login and logout$~|$T1_09$~|$Close the browser $~|$Yes$~|$NA$~|$NA$~|$NA$~|$closeBrowser$~|$expectedValue;](2)" classname="com.ltts.TestNgFile" time="46.86">
    <system-out><![CDATA[Failed to take screenShot!!!
]]></system-out>
    <system-err><![CDATA[java.io.IOException: Failed to copy full contents from 'C:\Users\Mahe\AppData\Local\Temp\screenshot15307428846301842987.png' to 'C:\Users\Mahe\Downloads\digenderProjectVer3\KeywordMaven\screenshots\Login.T_11.verifyElementPresence07.05.2021.17.43.19.jpg' Expected length: 69891 Actual: 0
	at org.apache.commons.io.FileUtils.checkEqualSizes(FileUtils.java:262)
	at org.apache.commons.io.FileUtils.doCopyFile(FileUtils.java:1397)
	at org.apache.commons.io.FileUtils.copyFile(FileUtils.java:885)
	at org.apache.commons.io.FileUtils.copyFile(FileUtils.java:835)
	at org.apache.commons.io.FileUtils.copyFile(FileUtils.java:802)
	at com.ltts.ExtentReporterNG.getScreenShot(ExtentReporterNG.java:111)
	at com.ltts.TestNgFile.mainTest(TestNgFile.java:287)
	at java.base/jdk.internal.reflect.NativeMethodAccessorImpl.invoke0(Native Method)
	at java.base/jdk.internal.reflect.NativeMethodAccessorImpl.invoke(NativeMethodAccessorImpl.java:78)
	at java.base/jdk.internal.reflect.DelegatingMethodAccessorImpl.invoke(DelegatingMethodAccessorImpl.java:43)
	at java.base/java.lang.reflect.Method.invoke(Method.java:567)
	at org.testng.internal.MethodInvocationHelper.invokeMethod(MethodInvocationHelper.java:133)
	at org.testng.internal.TestInvoker.invokeMethod(TestInvoker.java:598)
	at org.testng.internal.TestInvoker.invokeTestMethod(TestInvoker.java:173)
	at org.testng.internal.TestMethodWithDataProviderMethodWorker.call(TestMethodWithDataProviderMethodWorker.java:77)
	at org.testng.internal.TestMethodWithDataProviderMethodWorker.call(TestMethodWithDataProviderMethodWorker.java:15)
	at java.base/java.util.concurrent.FutureTask.run(FutureTask.java:264)
	at java.base/java.util.concurrent.Executors$RunnableAdapter.call(Executors.java:515)
	at java.base/java.util.concurrent.FutureTask.run(FutureTask.java:264)
	at java.base/java.util.concurrent.ThreadPoolExecutor.runWorker(ThreadPoolExecutor.java:1130)
	at java.base/java.util.concurrent.ThreadPoolExecutor$Worker.run(ThreadPoolExecutor.java:630)
	at java.base/java.lang.Thread.run(Thread.java:831)
]]></system-err>
  </testcase>
  <testcase name="mainTest[Assign leave$~|$T_01$~|$Launch the URL OrangeHRMdemo $~|$Yes$~|$NA$~|$NA$~|$NA$~|$LaunchURL$~|$NA;Login$~|$T_02$~|$Verfiy URL of the page$~|$Yes$~|$NA$~|$NA$~|$NA$~|$verifyURL$~|$https://opensource-demo.orangehrmlive.com/;Login$~|$T_03$~|$Verify the title of the page$~|$Yes$~|$NA$~|$NA$~|$NA$~|$verifyTitle$~|$OrangeHRM;Login$~|$T_04$~|$Verify the Login panel presence in the page$~|$Yes$~|$xpath$~|$//*[@id=&quot;logInPanelHeading&quot;]$~|$NA$~|$verifyElementPresence$~|$NA;Login$~|$T_05$~|$Verify Username Text box presence$~|$Yes$~|$xpath$~|$//*[@id=&quot;divUsername&quot;]$~|$NA$~|$verifyElementPresence$~|$NA;Login$~|$T_06$~|$Enter username as &quot;Admin&quot;$~|$Yes$~|$name$~|$txtUsername$~|$Admin$~|$EnterText$~|$NA;Login$~|$T_07$~|$Verify Password Text box presence$~|$Yes$~|$xpath$~|$//*[@id=&quot;divPassword&quot;]$~|$NA$~|$verifyElementPresence$~|$NA;Login$~|$T_08$~|$Enter Password as &quot;admin123&quot;$~|$Yes$~|$id$~|$txtPassword$~|$admin123$~|$EnterText$~|$NA;Login$~|$T_09$~|$Verify the Login button presence in the page$~|$Yes$~|$xpath$~|$//*[@id=&quot;btnLogin&quot;]$~|$NA$~|$verifyElementPresence$~|$NA;Login$~|$T_10$~|$Click on login button$~|$Yes$~|$xpath$~|$//*[@id=&quot;btnLogin&quot;]$~|$NA$~|$Click$~|$NA;Login$~|$T_11$~|$Verify the Presesnce of LOGO after log-in$~|$Yes$~|$xpath$~|$//*[@id=&quot;branding&quot;]/a[1]/img$~|$NA$~|$verifyElementPresence$~|$NA;Assign leave$~|$T2_02$~|$Wait for welcome user name to be displaye$~|$Yes$~|$xpath$~|$//*[@id=&quot;welcome&quot;]$~|$NA$~|$WaitForElement$~|$NA;Assign leave$~|$T2_03$~|$Check the presence of Leave Button in WebPage$~|$Yes$~|$xpath$~|$//*[@id=&quot;menu_leave_viewLeaveModule&quot;]/b$~|$NA$~|$verifyElementPresence$~|$NA;Assign leave$~|$T2_04$~|$click on leave button$~|$Yes$~|$xpath$~|$//*[@id=&quot;menu_leave_viewLeaveModule&quot;]/b$~|$NA$~|$Click$~|$NA;Assign leave$~|$T2_05$~|$Wait for leave list heading to be displayed$~|$No$~|$xpath$~|$//*[@id=&quot;leave-list-search&quot;]/a$~|$NA$~|$WaitForElement$~|$NA;Assign leave$~|$T2_06$~|$Check the presence of AssignLeave Button in WebPage$~|$Yes$~|$xpath$~|$//*[@id=&quot;menu_leave_assignLeave&quot;]$~|$NA$~|$verifyElementPresence$~|$NA;Assign leave$~|$T2_07$~|$Click on Assign leave button$~|$Yes$~|$xpath$~|$//*[@id=&quot;menu_leave_assignLeave&quot;]$~|$NA$~|$Click$~|$NA;Assign leave$~|$T2_08$~|$Verify presence of employee name text box$~|$Yes$~|$xpath$~|$//*[@id=&quot;assignleave_txtEmployee_empName&quot;]$~|$NA$~|$verifyElementPresence$~|$NA;Assign leave$~|$T2_09$~|$Enter employee name$~|$Yes$~|$xpath$~|$//*[@id=&quot;assignleave_txtEmployee_empName&quot;]$~|$Orange Test$~|$EnterText$~|$NA;Assign leave$~|$T2_10$~|$Check Leave-Type dropdown menu is present or not$~|$Yes$~|$xpath$~|$//*[@id=&quot;assignleave_txtLeaveType&quot;]$~|$NA$~|$verifyElementPresence$~|$NA;Assign leave$~|$T2_11$~|$Select Can-personal from dropdown menu$~|$Yes$~|$xpath$~|$//*[@id=&quot;assignleave_txtLeaveType&quot;]$~|$CAN - Personal$~|$dropDown$~|$NA;Assign leave$~|$T2_12$~|$Verify date picker is present or not$~|$Yes$~|$xpath$~|$//*[@id=&quot;frmLeaveApply&quot;]/fieldset/ol/li[4]/img$~|$NA$~|$verifyElementPresence$~|$NA;Assign leave$~|$T2_13$~|$Enter the from date for leave$~|$Yes$~|$xpath$~|$//*[@id=&quot;frmLeaveApply&quot;]/fieldset/ol/li[4]/img$~|$NA$~|$Click$~|$NA;Assign leave$~|$T2_14$~|$Wait for date picker to be displayed$~|$No$~|$xpath$~|$//*[@id=&quot;ui-datepicker-div&quot;]/div/a[1]$~|$NA$~|$WaitForElement$~|$NA;Assign leave$~|$T2_15$~|$Enter the from date for leave$~|$Yes$~|$xpath$~|$//*[@id=&quot;ui-datepicker-div&quot;]/table/tbody/tr[4]/td[2]/a$~|$NA$~|$Click$~|$NA;Assign leave$~|$T2_16$~|$Enter the to date for leave$~|$Yes$~|$xpath$~|$//*[@id=&quot;frmLeaveApply&quot;]/fieldset/ol/li[5]/img$~|$NA$~|$Click$~|$NA;Assign leave$~|$T2_17$~|$Verify to date button is present or not$~|$Yes$~|$xpath$~|$//*[@id=&quot;frmLeaveApply&quot;]/fieldset/ol/li[5]/img$~|$NA$~|$verifyElementPresence$~|$NA;Assign leave$~|$T2_18$~|$Enter the to date for leave$~|$Yes$~|$xpath$~|$//*[@id=&quot;ui-datepicker-div&quot;]/table/tbody/tr[5]/td[4]/a$~|$NA$~|$Click$~|$NA;Assign leave$~|$T2_19$~|$Verify Parital days Dropdown is present or not$~|$Yes$~|$xpath$~|$//*[@id=&quot;assignleave_partialDays&quot;]$~|$NA$~|$verifyElementPresence$~|$NA;Assign leave$~|$T2_20$~|$Enter the partial days for leave$~|$Yes$~|$xpath$~|$//*[@id=&quot;assignleave_partialDays&quot;]$~|$All Days$~|$dropDown$~|$NA;Assign leave$~|$T2_21$~|$Verify Duration Dropdown is present or not$~|$Yes$~|$xpath$~|$//*[@id=&quot;assignleave_firstDuration_ampm&quot;]$~|$NA$~|$verifyElementPresence$~|$NA;Assign leave$~|$T2_22$~|$select Afternoon from dropdown menu$~|$Yes$~|$xpath$~|$//*[@id=&quot;assignleave_firstDuration_ampm&quot;]$~|$Afternoon$~|$dropDown$~|$NA;Assign leave$~|$T2_23$~|$Verify comment box is present or not$~|$Yes$~|$xpath$~|$//*[@id=&quot;assignleave_txtComment&quot;]$~|$NA$~|$verifyElementPresence$~|$NA;Assign leave$~|$T2_24$~|$Enter comments for leave$~|$Yes$~|$xpath$~|$//*[@id=&quot;assignleave_txtComment&quot;]$~|$Hiii$~|$EnterText$~|$NA;Assign leave$~|$T2_25$~|$Wait till Assign button is displayed$~|$No$~|$NA$~|$NA$~|$NA$~|$WaitForElement$~|$NA;Assign leave$~|$T2_26$~|$Verify Assign button is present or not$~|$Yes$~|$xpath$~|$//*[@id=&quot;assignBtn&quot;]$~|$NA$~|$verifyElementPresence$~|$NA;Assign leave$~|$T2_27$~|$Click on Assign button$~|$Yes$~|$xpath$~|$//*[@id=&quot;assignBtn&quot;]$~|$NA$~|$Click$~|$NA;Assign leave$~|$T2_28$~|$Wait for ok button to display.$~|$Yes$~|$xpath$~|$//*[@id=&quot;confirmOkButton&quot;]$~|$NA$~|$WaitForElement$~|$NA;Assign leave$~|$T2_29$~|$Verify Ok button is displayed or not$~|$Yes$~|$xpath$~|$//*[@id=&quot;confirmOkButton&quot;]$~|$NA$~|$verifyElementPresence$~|$NA;Assign leave$~|$T2_30$~|$Click on OK button$~|$Yes$~|$xpath$~|$//*[@id=&quot;confirmOkButton&quot;]$~|$NA$~|$Click$~|$NA;Assign leave$~|$T2_31$~|$Verify the title of the page$~|$Yes$~|$NA$~|$NA$~|$NA$~|$verifyTitle$~|$OrangeHRM;Assign leave$~|$T2_32$~|$Close the browser $~|$Yes$~|$NA$~|$NA$~|$NA$~|$closeBrowser$~|$NA;](3)" classname="com.ltts.TestNgFile" time="62.469"/>
</testsuite>