<?xml version="1.0" encoding="UTF-8"?>
<!-- Generated by org.testng.reporters.JUnitReportReporter -->
<testsuite hostname="HPPRO58" failures="0" tests="3" name="com.ltts.TestNgFile" time="228.340" errors="0" timestamp="2021-05-07T17:43:44 IST" skipped="0">
  <testcase classname="com.ltts.TestNgFile" name="mainTest" time="74.938"/>
  <system-out/>
  <testcase classname="com.ltts.TestNgFile" name="mainTest" time="63.085"/>
  <system-out/>
  <testcase classname="com.ltts.TestNgFile" name="mainTest" time="90.317"/>
  <system-out/>
</testsuite> <!-- com.ltts.TestNgFile -->
