<?xml version="1.0" encoding="UTF-8"?>
<!-- Generated by org.testng.reporters.JUnitReportReporter -->
<testsuite hostname="HPPRO58" failures="0" tests="1" name="com.ltts.Demo" time="89.059" errors="0" timestamp="2021-04-21T18:35:19 IST" skipped="0">
  <testcase classname="com.ltts.Demo" name="initialDemo" time="89.059"/>
  <system-out/>
</testsuite> <!-- com.ltts.Demo -->
