<?xml version="1.0" encoding="UTF-8"?>
<!-- Generated by org.testng.reporters.JUnitReportReporter -->
<testsuite hostname="HPPRO58" failures="0" tests="2" name="com.ltts.MainTestFile" time="120.023" errors="0" timestamp="2021-04-20T19:57:48 IST" skipped="0">
  <testcase classname="com.ltts.MainTestFile" name="firefoxTest" time="60.857"/>
  <system-out/>
  <testcase classname="com.ltts.MainTestFile" name="chromeTest" time="59.166"/>
  <system-out/>
</testsuite> <!-- com.ltts.MainTestFile -->
