<?xml version="1.0" encoding="UTF-8"?>
<!-- Generated by org.testng.reporters.JUnitReportReporter -->
<testsuite hostname="HPPRO58" failures="0" tests="2" name="com.ltts.DataProvider" time="56.975" errors="0" timestamp="2021-04-14T12:39:58 IST" skipped="0">
  <testcase classname="com.ltts.DataProvider" name="TestChrome" time="30.266"/>
  <system-out/>
  <testcase classname="com.ltts.DataProvider" name="TestChrome" time="26.709"/>
  <system-out/>
</testsuite> <!-- com.ltts.DataProvider -->
