<?xml version="1.0" encoding="UTF-8"?>
<!-- Generated by org.testng.reporters.JUnitReportReporter -->
<testsuite hostname="HPPRO58" failures="0" tests="1" name="com.ltts.ExtentReportDemo" time="103.267" errors="0" timestamp="2021-04-21T17:34:02 IST" skipped="0">
  <testcase classname="com.ltts.ExtentReportDemo" name="initialDemo" time="103.267"/>
  <system-out/>
</testsuite> <!-- com.ltts.ExtentReportDemo -->
