<?xml version="1.0" encoding="UTF-8"?>
<!-- Generated by org.testng.reporters.JUnitReportReporter -->
<testsuite hostname="HPPRO58" failures="0" tests="3" name="com.ltts.TryingParallel" time="0.049" errors="0" timestamp="2021-04-20T14:40:37 IST" skipped="0">
  <testcase classname="com.ltts.TryingParallel" name="testMethod" time="0.016"/>
  <system-out/>
  <testcase classname="com.ltts.TryingParallel" name="testMethod" time="0.016"/>
  <system-out/>
  <testcase classname="com.ltts.TryingParallel" name="testMethod" time="0.017"/>
  <system-out/>
</testsuite> <!-- com.ltts.TryingParallel -->
