<?xml version="1.0" encoding="UTF-8"?>
<!-- Generated by org.testng.reporters.JUnitReportReporter -->
<testsuite hostname="Shreyas" failures="0" tests="2" name="com.ltts.TestNgFile" time="51.605" errors="0" timestamp="2022-01-29T10:30:45 IST" skipped="0">
  <testcase classname="com.ltts.TestNgFile" name="mainTest" time="20.956"/>
  <system-out/>
  <testcase classname="com.ltts.TestNgFile" name="mainTest" time="30.649"/>
  <system-out/>
</testsuite> <!-- com.ltts.TestNgFile -->
